\BOOKMARK [0][-]{chapter*.2}{\376\377\000I\000n\000t\000r\000o\000d\000u\000c\000t\000i\000o\000n}{}% 1
\BOOKMARK [0][-]{chapter.1}{\376\377\000V\000e\000h\000i\000c\000l\000e\000\040\000s\000p\000e\000e\000d}{}% 2
\BOOKMARK [1][-]{section.1.1}{\376\377\000D\000e\000f\000i\000n\000i\000n\000g\000\040\000V\000e\000h\000i\000c\000l\000e\000\040\000S\000p\000e\000e\000d}{chapter.1}% 3
\BOOKMARK [1][-]{section.1.2}{\376\377\000M\000e\000a\000s\000u\000r\000e\000m\000e\000n\000t\000s\000\040\000f\000o\000r\000\040\000d\000e\000t\000e\000r\000m\000i\000n\000i\000n\000g\000\040\000v\000e\000h\000i\000c\000l\000e\000\040\000s\000p\000e\000e\000d}{chapter.1}% 4
\BOOKMARK [2][-]{subsection.1.2.1}{\376\377\000E\000n\000g\000i\000n\000e\000\040\000s\000p\000e\000e\000d}{section.1.2}% 5
\BOOKMARK [2][-]{subsection.1.2.2}{\376\377\000W\000h\000e\000e\000l\000\040\000s\000p\000e\000e\000d}{section.1.2}% 6
\BOOKMARK [2][-]{subsection.1.2.3}{\376\377\000I\000n\000e\000r\000t\000i\000a\000l\000\040\000M\000e\000a\000s\000u\000r\000e\000m\000e\000n\000t\000\040\000U\000n\000i\000t}{section.1.2}% 7
\BOOKMARK [2][-]{subsection.1.2.4}{\376\377\000G\000l\000o\000b\000a\000l\000\040\000N\000a\000v\000i\000g\000a\000t\000i\000o\000n\000\040\000S\000a\000t\000e\000l\000l\000i\000t\000e\000\040\000S\000y\000s\000t\000e\000m}{section.1.2}% 8
\BOOKMARK [1][-]{section.1.3}{\376\377\000E\000s\000t\000i\000m\000a\000t\000i\000n\000g\000\040\000v\000e\000h\000i\000c\000l\000e\000\040\000s\000p\000e\000e\000d}{chapter.1}% 9
\BOOKMARK [2][-]{subsection.1.3.1}{\376\377\000A\000c\000c\000e\000l\000e\000r\000o\000m\000e\000t\000e\000r\000\040\000a\000n\000d\000\040\000s\000p\000e\000e\000d\000o\000m\000e\000t\000e\000r}{section.1.3}% 10
\BOOKMARK [2][-]{subsection.1.3.2}{\376\377\000K\000a\000l\000m\000a\000n\000\040\000f\000i\000l\000t\000e\000r}{section.1.3}% 11
\BOOKMARK [2][-]{subsection.1.3.3}{\376\377\000F\000u\000z\000z\000y\000\040\000l\000o\000g\000i\000c}{section.1.3}% 12
\BOOKMARK [2][-]{subsection.1.3.4}{\376\377\000G\000N\000S\000S}{section.1.3}% 13
\BOOKMARK [2][-]{subsection.1.3.5}{\376\377\000A\000r\000t\000i\000f\000i\000c\000i\000a\000l\000\040\000I\000n\000t\000e\000l\000l\000i\000g\000e\000n\000c\000e}{section.1.3}% 14
\BOOKMARK [1][-]{section.1.4}{\376\377\000C\000o\000n\000c\000l\000u\000s\000i\000o\000n\000s}{chapter.1}% 15
\BOOKMARK [0][-]{chapter.2}{\376\377\000D\000e\000v\000e\000l\000o\000p\000m\000e\000n\000t\000\040\000e\000n\000v\000i\000r\000o\000n\000m\000e\000n\000t}{}% 16
\BOOKMARK [1][-]{section.2.1}{\376\377\000A\000v\000a\000i\000l\000a\000b\000l\000e\000\040\000s\000e\000n\000s\000o\000r\000\040\000d\000a\000t\000a}{chapter.2}% 17
\BOOKMARK [1][-]{section.2.2}{\376\377\000W\000a\000y\000s\000\040\000t\000o\000\040\000u\000s\000e\000\040\000A\000I\000\040\000t\000o\000\040\000e\000s\000t\000i\000m\000a\000t\000e\000\040\000v\000e\000h\000i\000c\000l\000e\000\040\000s\000p\000e\000e\000d}{chapter.2}% 18
\BOOKMARK [2][-]{subsection.2.2.1}{\376\377\000D\000i\000r\000e\000c\000t\000\040\000e\000s\000t\000i\000m\000a\000t\000i\000o\000n}{section.2.2}% 19
\BOOKMARK [2][-]{subsection.2.2.2}{\376\377\000C\000o\000m\000b\000i\000n\000a\000t\000i\000o\000n\000\040\000o\000f\000\040\000e\000x\000i\000s\000t\000i\000n\000g\000\040\000e\000s\000t\000i\000m\000a\000t\000o\000r\000s\000\040\000w\000i\000t\000h\000\040\000A\000I\000\040\000m\000o\000d\000e\000l}{section.2.2}% 20
\BOOKMARK [2][-]{subsection.2.2.3}{\376\377\000A\000d\000v\000a\000n\000t\000a\000g\000e\000s\000\040\000a\000n\000d\000\040\000d\000i\000s\000a\000d\000v\000a\000n\000t\000a\000g\000e\000s\000\040\000o\000f\000\040\000A\000I\000\040\000a\000p\000p\000l\000i\000c\000a\000t\000i\000o\000n}{section.2.2}% 21
\BOOKMARK [0][-]{chapter.3}{\376\377\000D\000i\000r\000e\000c\000t\000\040\000e\000s\000t\000i\000m\000a\000t\000i\000o\000n}{}% 22
\BOOKMARK [1][-]{section.3.1}{\376\377\000R\000e\000c\000u\000r\000r\000e\000n\000t\000\040\000N\000e\000u\000r\000a\000l\000\040\000N\000e\000t\000w\000o\000r\000k\000\040\000-\000\040\000R\000N\000N}{chapter.3}% 23
\BOOKMARK [2][-]{subsection.3.1.1}{\376\377\000T\000h\000e\000o\000r\000e\000t\000i\000c\000a\000l\000\040\000b\000a\000c\000k\000g\000r\000o\000u\000n\000d}{section.3.1}% 24
\BOOKMARK [2][-]{subsection.3.1.2}{\376\377\000I\000m\000p\000l\000e\000m\000e\000n\000t\000i\000n\000g\000\040\000a\000\040\000R\000N\000N}{section.3.1}% 25
\BOOKMARK [2][-]{subsection.3.1.3}{\376\377\000R\000e\000s\000u\000l\000t\000s}{section.3.1}% 26
\BOOKMARK [1][-]{section.3.2}{\376\377\000L\000o\000n\000g\000\040\000S\000h\000o\000r\000t\000-\000T\000e\000r\000m\000\040\000M\000e\000m\000o\000r\000y\000\040\000-\000\040\000L\000S\000T\000M}{chapter.3}% 27
\BOOKMARK [2][-]{subsection.3.2.1}{\376\377\000T\000h\000e\000o\000r\000e\000t\000i\000c\000a\000l\000\040\000b\000a\000c\000k\000g\000r\000o\000u\000n\000d}{section.3.2}% 28
\BOOKMARK [2][-]{subsection.3.2.2}{\376\377\000I\000m\000p\000l\000e\000m\000e\000n\000t\000a\000t\000i\000o\000n}{section.3.2}% 29
\BOOKMARK [1][-]{section.3.3}{\376\377\000G\000a\000t\000e\000d\000\040\000R\000e\000c\000u\000r\000r\000e\000n\000t\000\040\000U\000n\000i\000t\000\040\000-\000\040\000G\000R\000U}{chapter.3}% 30
\BOOKMARK [2][-]{subsection.3.3.1}{\376\377\000T\000h\000e\000o\000r\000e\000t\000i\000c\000a\000l\000\040\000b\000a\000c\000k\000g\000r\000o\000u\000n\000d}{section.3.3}% 31
\BOOKMARK [2][-]{subsection.3.3.2}{\376\377\000I\000m\000p\000l\000e\000m\000e\000n\000t\000a\000t\000i\000o\000n}{section.3.3}% 32
\BOOKMARK [1][-]{section.3.4}{\376\377\000T\000e\000m\000p\000o\000r\000a\000l\000\040\000C\000o\000n\000v\000o\000l\000u\000t\000i\000o\000n\000a\000l\000\040\000N\000e\000t\000w\000o\000r\000k\000s\000\040\000-\000\040\000T\000C\000N}{chapter.3}% 33
\BOOKMARK [2][-]{subsection.3.4.1}{\376\377\000T\000h\000e\000o\000r\000e\000t\000i\000c\000a\000l\000\040\000b\000a\000c\000k\000g\000r\000o\000u\000n\000d}{section.3.4}% 34
\BOOKMARK [2][-]{subsection.3.4.2}{\376\377\000I\000m\000p\000l\000e\000m\000e\000n\000t\000a\000t\000i\000o\000n}{section.3.4}% 35
\BOOKMARK [1][-]{section.3.5}{\376\377\000T\000r\000a\000n\000s\000f\000o\000r\000m\000e\000r}{chapter.3}% 36
\BOOKMARK [2][-]{subsection.3.5.1}{\376\377\000T\000h\000e\000o\000r\000e\000t\000i\000c\000a\000l\000\040\000b\000a\000c\000k\000g\000r\000o\000u\000n\000d}{section.3.5}% 37
\BOOKMARK [2][-]{subsection.3.5.2}{\376\377\000I\000m\000p\000l\000e\000m\000e\000n\000t\000a\000t\000i\000o\000n}{section.3.5}% 38
